Using pre-set license
Built from '2021.2/release' branch; Version is '2021.2.0f1 (4bf1ec4b23c9) revision 4977132'; Using compiler version '192829333'; Build Type 'Release'
OS: 'Windows 10 Pro; OS build 19041.153; Version 2004; 64bit' Language: 'ru' Physical Memory: 16289 MB
BatchMode: 1, IsHumanControllingUs: 0, StartBugReporterOnCrash: 0, Is64bit: 1, IsPro: 0

COMMAND LINE ARGUMENTS:
E:\Programs\2021.2.0f1\Editor\Unity.exe
-adb2
-batchMode
-noUpm
-name
AssetImportWorker1
-projectPath
D:/UnityProjects/Repos/Univermage/Univermage
-logFile
Logs/AssetImportWorker1.log
-srvPort
60676
Successfully changed project path to: D:/UnityProjects/Repos/Univermage/Univermage
D:/UnityProjects/Repos/Univermage/Univermage
[UnityMemory] Configuration Parameters - Can be set up in boot.config
    "memorysetup-bucket-allocator-granularity=16"
    "memorysetup-bucket-allocator-bucket-count=8"
    "memorysetup-bucket-allocator-block-size=33554432"
    "memorysetup-bucket-allocator-block-count=8"
    "memorysetup-main-allocator-block-size=16777216"
    "memorysetup-thread-allocator-block-size=16777216"
    "memorysetup-gfx-main-allocator-block-size=16777216"
    "memorysetup-gfx-thread-allocator-block-size=16777216"
    "memorysetup-cache-allocator-block-size=4194304"
    "memorysetup-typetree-allocator-block-size=2097152"
    "memorysetup-profiler-bucket-allocator-granularity=16"
    "memorysetup-profiler-bucket-allocator-bucket-count=8"
    "memorysetup-profiler-bucket-allocator-block-size=33554432"
    "memorysetup-profiler-bucket-allocator-block-count=8"
    "memorysetup-profiler-allocator-block-size=16777216"
    "memorysetup-profiler-editor-allocator-block-size=1048576"
    "memorysetup-temp-allocator-size-main=16777216"
    "memorysetup-job-temp-allocator-block-size=2097152"
    "memorysetup-job-temp-allocator-block-size-background=1048576"
    "memorysetup-job-temp-allocator-reduction-small-platforms=262144"
    "memorysetup-temp-allocator-size-background-worker=32768"
    "memorysetup-temp-allocator-size-job-worker=262144"
    "memorysetup-temp-allocator-size-preload-manager=33554432"
    "memorysetup-temp-allocator-size-nav-mesh-worker=65536"
    "memorysetup-temp-allocator-size-audio-worker=65536"
    "memorysetup-temp-allocator-size-cloud-worker=32768"
    "memorysetup-temp-allocator-size-gi-baking-worker=262144"
    "memorysetup-temp-allocator-size-gfx=262144"
Refreshing native plugins compatible for Editor in 113.52 ms, found 4 plugins.
Preloading 0 native plugins for Editor in 0.00 ms.
Initialize engine version: 2021.2.0f1 (4bf1ec4b23c9)
[Subsystems] Discovering subsystems at path E:/Programs/2021.2.0f1/Editor/Data/Resources/UnitySubsystems
[Subsystems] Discovering subsystems at path D:/UnityProjects/Repos/Univermage/Univermage/Assets
GfxDevice: creating device client; threaded=0; jobified=0
Direct3D:
    Version:  Direct3D 11.0 [level 11.1]
    Renderer: Radeon (TM) RX 470 Graphics (ID=0x67df)
    Vendor:   ATI
    VRAM:     4075 MB
    Driver:   30.0.13017.1004
Initialize mono
Mono path[0] = 'E:/Programs/2021.2.0f1/Editor/Data/Managed'
Mono path[1] = 'E:/Programs/2021.2.0f1/Editor/Data/MonoBleedingEdge/lib/mono/unityjit-win32'
Mono config path = 'E:/Programs/2021.2.0f1/Editor/Data/MonoBleedingEdge/etc'
Using monoOptions --debugger-agent=transport=dt_socket,embedding=1,server=y,suspend=n,address=127.0.0.1:56400
Begin MonoManager ReloadAssembly
Registering precompiled unity dll's ...
Register platform support module: E:/Programs/2021.2.0f1/Editor/Data/PlaybackEngines/WindowsStandaloneSupport/UnityEditor.WindowsStandalone.Extensions.dll
Registered in 0.003931 seconds.
Native extension for WindowsStandalone target not found
Refreshing native plugins compatible for Editor in 103.64 ms, found 4 plugins.
Preloading 0 native plugins for Editor in 0.00 ms.
Mono: successfully reloaded assembly
- Completed reload, in  1.077 seconds
Domain Reload Profiling:
	ReloadAssembly (1078ms)
		BeginReloadAssembly (95ms)
			ExecutionOrderSort (0ms)
			DisableScriptedObjects (0ms)
			BackupInstance (0ms)
			ReleaseScriptingObjects (0ms)
			CreateAndSetChildDomain (1ms)
		EndReloadAssembly (664ms)
			LoadAssemblies (94ms)
			RebuildTransferFunctionScriptingTraits (0ms)
			SetupTypeCache (171ms)
			ReleaseScriptCaches (0ms)
			RebuildScriptCaches (41ms)
			SetupLoadedEditorAssemblies (377ms)
				LogAssemblyErrors (0ms)
				InitializePlatformSupportModulesInManaged (9ms)
				SetLoadedEditorAssemblies (0ms)
				RefreshPlugins (104ms)
				BeforeProcessingInitializeOnLoad (2ms)
				ProcessInitializeOnLoadAttributes (190ms)
				ProcessInitializeOnLoadMethodAttributes (71ms)
				AfterProcessingInitializeOnLoad (0ms)
				EditorAssembliesLoaded (0ms)
			ExecutionOrderSort2 (0ms)
			AwakeInstancesAfterBackupRestoration (0ms)
Platform modules already initialized, skipping
Registering precompiled user dll's ...
Registered in 0.008519 seconds.
Begin MonoManager ReloadAssembly
Native extension for WindowsStandalone target not found
Refreshing native plugins compatible for Editor in 108.30 ms, found 4 plugins.
Preloading 0 native plugins for Editor in 0.00 ms.
Package Manager log level set to [2]
Mono: successfully reloaded assembly
- Completed reload, in  2.587 seconds
Domain Reload Profiling:
	ReloadAssembly (2589ms)
		BeginReloadAssembly (251ms)
			ExecutionOrderSort (0ms)
			DisableScriptedObjects (9ms)
			BackupInstance (0ms)
			ReleaseScriptingObjects (0ms)
			CreateAndSetChildDomain (30ms)
		EndReloadAssembly (2203ms)
			LoadAssemblies (117ms)
			RebuildTransferFunctionScriptingTraits (0ms)
			SetupTypeCache (359ms)
			ReleaseScriptCaches (1ms)
			RebuildScriptCaches (105ms)
			SetupLoadedEditorAssemblies (1455ms)
				LogAssemblyErrors (0ms)
				InitializePlatformSupportModulesInManaged (15ms)
				SetLoadedEditorAssemblies (0ms)
				RefreshPlugins (108ms)
				BeforeProcessingInitializeOnLoad (147ms)
				ProcessInitializeOnLoadAttributes (983ms)
				ProcessInitializeOnLoadMethodAttributes (197ms)
				AfterProcessingInitializeOnLoad (4ms)
				EditorAssembliesLoaded (0ms)
			ExecutionOrderSort2 (0ms)
			AwakeInstancesAfterBackupRestoration (8ms)
Platform modules already initialized, skipping
========================================================================
Worker process is ready to serve import requests
Launched and connected shader compiler UnityShaderCompiler.exe after 0.08 seconds
Refreshing native plugins compatible for Editor in 1.57 ms, found 4 plugins.
Preloading 0 native plugins for Editor in 0.00 ms.
Unloading 4617 Unused Serialized files (Serialized files now loaded: 0)
Unloading 90 unused Assets / (0.8 MB). Loaded Objects now: 5049.
Memory consumption went from 200.5 MB to 199.7 MB.
Total: 10.087800 ms (FindLiveObjects: 0.512200 ms CreateObjectMapping: 0.287500 ms MarkObjects: 8.772500 ms  DeleteObjects: 0.514300 ms)

AssetImportParameters requested are different than current active one (requested -> active):
  custom:video-decoder-ogg-theora: a1e56fd34408186e4bbccfd4996cb3dc -> 
  custom:container-muxer-webm: aa71ff27fc2769a1b78a27578f13a17b -> 
  custom:container-demuxer-webm: 4f35f7cbe854078d1ac9338744f61a02 -> 
  custom:video-encoder-webm-vp8: eb34c28f22e8b96e1ab97ce403110664 -> 
  custom:audio-encoder-webm-vorbis: bf7c407c2cedff20999df2af8eb42d56 -> 
  custom:framework-win-MediaFoundation: 216162199b28c13a410421893ffa2e32 -> 
  custom:container-demuxer-ogg: 62fdf1f143b41e24485cea50d1cbac27 -> 
  custom:video-decoder-webm-vp8: 9c59270c3fd7afecdb556c50c9e8de78 -> 
  custom:audio-decoder-ogg-vorbis: bf7c407c2cedff20999df2af8eb42d56 -> 
========================================================================
Received Import Request.
  Time since last request: 34660.327424 seconds.
  path: Assets/Prefabs/Spells
  artifactKey: Guid(4ee7fb22869878d4ca4d4669190d8a95) Importer(815301076,1909f56bfc062723c751e8b465ee728b)
Start importing Assets/Prefabs/Spells using Guid(4ee7fb22869878d4ca4d4669190d8a95) Importer(815301076,1909f56bfc062723c751e8b465ee728b)  -> (artifact id: '6e5dd4c64409d01ef3cfa4b1cf8998c9') in 0.011351 seconds 
========================================================================
Received Import Request.
  Time since last request: 36.502013 seconds.
  path: Assets/Audio/Free_Fireworks__44.1k_16bit/Burst Fireworks - Nova Sound.wav
  artifactKey: Guid(48cde60d3a3d9412caeaf949b6364160) Importer(815301076,1909f56bfc062723c751e8b465ee728b)
Start importing Assets/Audio/Free_Fireworks__44.1k_16bit/Burst Fireworks - Nova Sound.wav using Guid(48cde60d3a3d9412caeaf949b6364160) Importer(815301076,1909f56bfc062723c751e8b465ee728b)  -> (artifact id: '614c06d74d0e73dc9b9cdaccd100842f') in 0.133139 seconds 
========================================================================
Received Import Request.
  Time since last request: 0.000027 seconds.
  path: Assets/Audio/Footsteps_Rock/Footsteps_Rock_Walk/Footsteps_Rock_Walk_06.wav
  artifactKey: Guid(314d37dfb74502a4094b835d0e0d6c23) Importer(815301076,1909f56bfc062723c751e8b465ee728b)
Start importing Assets/Audio/Footsteps_Rock/Footsteps_Rock_Walk/Footsteps_Rock_Walk_06.wav using Guid(314d37dfb74502a4094b835d0e0d6c23) Importer(815301076,1909f56bfc062723c751e8b465ee728b)  -> (artifact id: '9a9b831c6ea900d5de4d2991afbd9732') in 0.009891 seconds 
========================================================================
Received Import Request.
  Time since last request: 0.000034 seconds.
  path: Assets/Audio/Free_Fireworks__44.1k_16bit/CampFire Clap - Nova Sound.wav
  artifactKey: Guid(99b5eea824c2a4915b44598f1c564d53) Importer(815301076,1909f56bfc062723c751e8b465ee728b)
Start importing Assets/Audio/Free_Fireworks__44.1k_16bit/CampFire Clap - Nova Sound.wav using Guid(99b5eea824c2a4915b44598f1c564d53) Importer(815301076,1909f56bfc062723c751e8b465ee728b)  -> (artifact id: '72ba37c7c48078a158eeb86d7013c293') in 0.010703 seconds 
========================================================================
Received Import Request.
  Time since last request: 0.000024 seconds.
  path: Assets/Audio/Footsteps_Rock/Footsteps_Rock_Jump/Footsteps_Rock_Jump_Land_06.wav
  artifactKey: Guid(c2e0d3f88cb48f240af40a1f1bac7e8c) Importer(815301076,1909f56bfc062723c751e8b465ee728b)
Start importing Assets/Audio/Footsteps_Rock/Footsteps_Rock_Jump/Footsteps_Rock_Jump_Land_06.wav using Guid(c2e0d3f88cb48f240af40a1f1bac7e8c) Importer(815301076,1909f56bfc062723c751e8b465ee728b)  -> (artifact id: '0c2f2c95b61e7d615a174dba7c629ad5') in 0.008796 seconds 
========================================================================
Received Import Request.
  Time since last request: 0.000024 seconds.
  path: Assets/Audio/Footsteps_Rock/Footsteps_Rock_Run/Footsteps_Rock_Run_03.wav
  artifactKey: Guid(7b4b6eb734482064c8c1e5fd45d4d76c) Importer(815301076,1909f56bfc062723c751e8b465ee728b)
Start importing Assets/Audio/Footsteps_Rock/Footsteps_Rock_Run/Footsteps_Rock_Run_03.wav using Guid(7b4b6eb734482064c8c1e5fd45d4d76c) Importer(815301076,1909f56bfc062723c751e8b465ee728b)  -> (artifact id: 'e710b8bbd8d3706bef24d87d1f870f04') in 0.008969 seconds 
========================================================================
Received Import Request.
  Time since last request: 0.000027 seconds.
  path: Assets/Audio/Free_Fireworks__44.1k_16bit/HeavyHot Snare - Nova Sound.wav
  artifactKey: Guid(0f51c1535351f45bf978fa10a5e8c325) Importer(815301076,1909f56bfc062723c751e8b465ee728b)
Start importing Assets/Audio/Free_Fireworks__44.1k_16bit/HeavyHot Snare - Nova Sound.wav using Guid(0f51c1535351f45bf978fa10a5e8c325) Importer(815301076,1909f56bfc062723c751e8b465ee728b)  -> (artifact id: '8b0c5e9a5034a78e8a810eb45d7c3e4d') in 0.011263 seconds 
========================================================================
Received Import Request.
  Time since last request: 0.000022 seconds.
  path: Assets/Audio/Footsteps_Rock/Footsteps_Rock_Walk/Footsteps_Rock_Walk_08.wav
  artifactKey: Guid(1a7741daba5446e46a40f8074aae75dc) Importer(815301076,1909f56bfc062723c751e8b465ee728b)
Start importing Assets/Audio/Footsteps_Rock/Footsteps_Rock_Walk/Footsteps_Rock_Walk_08.wav using Guid(1a7741daba5446e46a40f8074aae75dc) Importer(815301076,1909f56bfc062723c751e8b465ee728b)  -> (artifact id: 'c3c1a810741bc55041242bec42a3c856') in 0.009447 seconds 
========================================================================
Received Import Request.
  Time since last request: 0.000023 seconds.
  path: Assets/Audio/Footsteps_Rock/Footsteps_Rock_Jump/Footsteps_Rock_Jump_Land_04.wav
  artifactKey: Guid(1f080a1e65d584c4ca3e3c75fbb406b3) Importer(815301076,1909f56bfc062723c751e8b465ee728b)
Start importing Assets/Audio/Footsteps_Rock/Footsteps_Rock_Jump/Footsteps_Rock_Jump_Land_04.wav using Guid(1f080a1e65d584c4ca3e3c75fbb406b3) Importer(815301076,1909f56bfc062723c751e8b465ee728b)  -> (artifact id: '47415f46260a115dcca9664426e2cf86') in 0.009764 seconds 
========================================================================
Received Import Request.
  Time since last request: 0.000023 seconds.
  path: Assets/Audio/Footsteps_Rock/Footsteps_Rock_Run/Footsteps_Rock_Run_06.wav
  artifactKey: Guid(281c105661e5ee14b8e76523200338bd) Importer(815301076,1909f56bfc062723c751e8b465ee728b)
Start importing Assets/Audio/Footsteps_Rock/Footsteps_Rock_Run/Footsteps_Rock_Run_06.wav using Guid(281c105661e5ee14b8e76523200338bd) Importer(815301076,1909f56bfc062723c751e8b465ee728b)  -> (artifact id: '132fa986a9c865dfe9de1bfeba04ecc6') in 0.008830 seconds 
========================================================================
Received Import Request.
  Time since last request: 0.000022 seconds.
  path: Assets/Audio/Footsteps_Rock/Footsteps_Rock_Jump/Footsteps_Rock_Jump_Start_06.wav
  artifactKey: Guid(866abdf3a931850498786581089be202) Importer(815301076,1909f56bfc062723c751e8b465ee728b)
Start importing Assets/Audio/Footsteps_Rock/Footsteps_Rock_Jump/Footsteps_Rock_Jump_Start_06.wav using Guid(866abdf3a931850498786581089be202) Importer(815301076,1909f56bfc062723c751e8b465ee728b)  -> (artifact id: 'ff2a43b4f182d9d8ca20543b7471d4b5') in 0.008989 seconds 
========================================================================
Received Import Request.
  Time since last request: 0.000024 seconds.
  path: Assets/Audio/Free_Fireworks__44.1k_16bit/SubFire Kick - Nova Sound.wav
  artifactKey: Guid(4546303cc47ba4c33976745dc249e36c) Importer(815301076,1909f56bfc062723c751e8b465ee728b)
Start importing Assets/Audio/Free_Fireworks__44.1k_16bit/SubFire Kick - Nova Sound.wav using Guid(4546303cc47ba4c33976745dc249e36c) Importer(815301076,1909f56bfc062723c751e8b465ee728b)  -> (artifact id: '9f86eff340b1afa45e4c62bee9ee68dc') in 0.011169 seconds 
========================================================================
Received Import Request.
  Time since last request: 0.000024 seconds.
  path: Assets/Audio/Free_Fireworks__44.1k_16bit/Deep Fireworks - Nova Sound.wav
  artifactKey: Guid(7575f4814720b4b509b55764405171f1) Importer(815301076,1909f56bfc062723c751e8b465ee728b)
Start importing Assets/Audio/Free_Fireworks__44.1k_16bit/Deep Fireworks - Nova Sound.wav using Guid(7575f4814720b4b509b55764405171f1) Importer(815301076,1909f56bfc062723c751e8b465ee728b)  -> (artifact id: 'ffec7a5183deadbbd2c9b24d139ad24e') in 0.015715 seconds 
========================================================================
Received Import Request.
  Time since last request: 0.000021 seconds.
  path: Assets/Audio/Footsteps_Rock/Footsteps_Rock_Walk/Footsteps_Rock_Walk_03.wav
  artifactKey: Guid(a03a96c5d1e99b4409ddd79098abd9ab) Importer(815301076,1909f56bfc062723c751e8b465ee728b)
Start importing Assets/Audio/Footsteps_Rock/Footsteps_Rock_Walk/Footsteps_Rock_Walk_03.wav using Guid(a03a96c5d1e99b4409ddd79098abd9ab) Importer(815301076,1909f56bfc062723c751e8b465ee728b)  -> (artifact id: '88a07c56d5d9f73318d743c72bdb2396') in 0.008582 seconds 
========================================================================
Received Import Request.
  Time since last request: 0.000025 seconds.
  path: Assets/Audio/Footsteps_Rock/Footsteps_Rock_Walk/Footsteps_Rock_Walk_01.wav
  artifactKey: Guid(1f0199a4c6005ec4abbb302f71bc036d) Importer(815301076,1909f56bfc062723c751e8b465ee728b)
Start importing Assets/Audio/Footsteps_Rock/Footsteps_Rock_Walk/Footsteps_Rock_Walk_01.wav using Guid(1f0199a4c6005ec4abbb302f71bc036d) Importer(815301076,1909f56bfc062723c751e8b465ee728b)  -> (artifact id: '52dbb9a6d0fe72a3765cc7d97ff64f08') in 0.008750 seconds 
========================================================================
Received Import Request.
  Time since last request: 0.000027 seconds.
  path: Assets/Audio/Footsteps_Rock/Footsteps_Rock_Run/Footsteps_Rock_Run_07.wav
  artifactKey: Guid(3069c9f7e833f8e4099228c28f9d65dd) Importer(815301076,1909f56bfc062723c751e8b465ee728b)
Start importing Assets/Audio/Footsteps_Rock/Footsteps_Rock_Run/Footsteps_Rock_Run_07.wav using Guid(3069c9f7e833f8e4099228c28f9d65dd) Importer(815301076,1909f56bfc062723c751e8b465ee728b)  -> (artifact id: 'd9a2e036102370e2416bb2eabaf796b6') in 0.008642 seconds 
========================================================================
Received Import Request.
  Time since last request: 0.000021 seconds.
  path: Assets/Audio/Footsteps_Rock/Footsteps_Rock_Jump/Footsteps_Rock_Jump_Start_01.wav
  artifactKey: Guid(8420cf17e21d6354a98e6ef6d19dc9cc) Importer(815301076,1909f56bfc062723c751e8b465ee728b)
Start importing Assets/Audio/Footsteps_Rock/Footsteps_Rock_Jump/Footsteps_Rock_Jump_Start_01.wav using Guid(8420cf17e21d6354a98e6ef6d19dc9cc) Importer(815301076,1909f56bfc062723c751e8b465ee728b)  -> (artifact id: 'c371dce9d3d48117ddbc3e1424274b14') in 0.010989 seconds 
========================================================================
Received Import Request.
  Time since last request: 0.000023 seconds.
  path: Assets/Audio/Free_Fireworks__44.1k_16bit/Rumble Fireworks - Nova Sound.wav
  artifactKey: Guid(d89e3e730bce443569b30b593a273361) Importer(815301076,1909f56bfc062723c751e8b465ee728b)
Start importing Assets/Audio/Free_Fireworks__44.1k_16bit/Rumble Fireworks - Nova Sound.wav using Guid(d89e3e730bce443569b30b593a273361) Importer(815301076,1909f56bfc062723c751e8b465ee728b)  -> (artifact id: '4af27c584ec66d6a0463b043f26acc6f') in 0.011902 seconds 
